14:09:58.702 DEBUG 获取到配置信息: 
14:09:58.702 DEBUG {"basePath":"./","watcher":{"enable":true,"ignored":"./dist/*","depth":99},"outPut":{"minifyCss":false,"minifyJs":false,"addVersion":false},"serverPort":8000,"server":true,"autoReload":true,"remoteDebug":false,"root":"/src","entry":"home","title":"页面","outFolder":"./dist","resourceFolder":"./src/resource","headList":[{"http-equiv":"content-type","content":"text/html; charset=UTF-8"},{"name":"viewport","content":"width=device-width, initial-scale=0, maximum-scale=1, user-scalable=yes,shrink-to-fit=no"}],"scriptList":[{"name":"jquery1.11.0","src":"http://tools.people.com.cn/libs/jquery/1.11.1/jquery-1.11.1.min.js"}],"styleList":[{"name":"main","src":"./src/main.css","resource":true}],"pageList":[{"main":true,"isPage":true,"name":"home","src":"./src/page/home.page","temple":"<temple name=\"home\" src=\"./src/page/home.page\" isPage=\"true\"></temple>","outerHTML":"<!DOCTYPE html>\r\n<html lang=\"zh-CN\">\r\n  <head>\r\n    <title>页面</title>\r\n    <!-- 页面的元信息 -->\r\n    <meta http-equiv=\"content-type\" content=\"text/html; charset=UTF-8\"/>\r\n    <meta name=\"viewport\" content=\"width=device-width, initial-scale=0, maximum-scale=1, user-scalable=yes,shrink-to-fit=no\"/>\r\n    <!-- css-output -->\r\n    <!-- animation-output -->\r\n  </head>\r\n  <body>\r\n    <!-- 页面区域 -->\r\n    <temple name=\"home\" src=\"./src/page/home.page\" isPage=\"true\"></temple>\r\n    <!-- script-output -->\r\n  </body>\r\n</html>"}],"dev":{"basePath":"./","watcher":{"enable":true,"ignored":"./dist/*","depth":99},"outPut":{"minifyCss":false,"minifyJs":false,"addVersion":false},"serverPort":8000,"server":true,"autoReload":true,"remoteDebug":false},"build":{"basePath":"./","outPut":{"minifyCss":true,"minifyJs":true,"addVersion":true,"embedSize":10,"merge":false}}} 
14:09:58.702 INFO  --------------------------- 开始编译 --------------------------- 
14:09:58.702 INFO  程序运行目录: D:\work\whcygflt 
14:09:58.702 INFO  首次启动! 
14:09:58.702 INFO  生成版本号: 21kcts8cm61 
14:09:58.715 INFO  清理资源文件夹: D:\work\whcygflt\dist\static 
14:09:58.715 INFO  文件夹不存在: D:\work\whcygflt\dist\static 
14:09:58.715 INFO  创建文件夹: D:\work\whcygflt\dist\static 
14:09:58.715 INFO  读取模板文件: C:\Users\PG\Documents\GitHub\PG\lib\index.html 
14:09:58.715 DEBUG 读取网页标题: 页面 
14:09:58.715 DEBUG 处理页面源信息: [{"http-equiv":"content-type","content":"text/html; charset=UTF-8"},{"name":"viewport","content":"width=device-width, initial-scale=0, maximum-scale=1, user-scalable=yes,shrink-to-fit=no"}] 
14:09:58.716 INFO  开始处理模块: home 
14:09:58.717 DEBUG 处理模板: ./src/page/home.page 
14:09:58.766 INFO  开始处理模块: title 
14:09:58.766 DEBUG 处理模板: ./src/module/title.owo 
14:09:58.855 DEBUG 缓存模板: title./src/module/title.owo 
14:09:58.856 DEBUG 模板title处理用时: 90 毫秒! 
14:09:58.859 INFO  开始处理模块: titleBar 
14:09:58.859 DEBUG 处理模板: ./src/module/titleBar.owo 
14:09:58.864 DEBUG 缓存模板: titleBar./src/module/titleBar.owo 
14:09:58.864 DEBUG 模板titleBar处理用时: 5 毫秒! 
14:09:58.865 DEBUG 模块 titleBar 因名称重复被重命名为 titleBar1 
14:09:58.865 INFO  开始处理模块: titleBar1 
14:09:58.865 DEBUG 处理模板: ./src/module/titleBar.owo 
14:09:58.868 DEBUG 缓存模板: titleBar1./src/module/titleBar.owo 
14:09:58.868 DEBUG 模板titleBar1处理用时: 3 毫秒! 
14:09:58.869 INFO  开始处理模块: peopleBox 
14:09:58.869 DEBUG 处理模板: ./src/module/peopleBox.owo 
14:09:58.875 DEBUG 缓存模板: peopleBox./src/module/peopleBox.owo 
14:09:58.875 DEBUG 模板peopleBox处理用时: 6 毫秒! 
14:09:58.876 DEBUG 模块 peopleBox 因名称重复被重命名为 peopleBox1 
14:09:58.877 INFO  开始处理模块: peopleBox1 
14:09:58.877 DEBUG 使用缓存返回模板: ./src/module/peopleBox.owo 
14:09:58.877 DEBUG 模块 peopleBox 因名称重复被重命名为 peopleBox1 
14:09:58.877 INFO  开始处理模块: peopleBox1 
14:09:58.877 DEBUG 使用缓存返回模板: ./src/module/peopleBox.owo 
14:09:58.878 INFO  开始处理模块: peopleBox2 
14:09:58.878 DEBUG 处理模板: ./src/module/peopleBox2.owo 
14:09:58.882 DEBUG 缓存模板: peopleBox2./src/module/peopleBox2.owo 
14:09:58.882 DEBUG 模板peopleBox2处理用时: 4 毫秒! 
14:09:58.883 DEBUG 模块 peopleBox2 因名称重复被重命名为 peopleBox21 
14:09:58.883 INFO  开始处理模块: peopleBox21 
14:09:58.883 DEBUG 使用缓存返回模板: ./src/module/peopleBox2.owo 
14:09:58.884 DEBUG 模块 peopleBox2 因名称重复被重命名为 peopleBox21 
14:09:58.884 INFO  开始处理模块: peopleBox21 
14:09:58.884 DEBUG 使用缓存返回模板: ./src/module/peopleBox2.owo 
14:09:58.885 DEBUG 模块 peopleBox 因名称重复被重命名为 peopleBox1 
14:09:58.885 INFO  开始处理模块: peopleBox1 
14:09:58.885 DEBUG 使用缓存返回模板: ./src/module/peopleBox.owo 
14:09:58.887 DEBUG 模块 peopleBox 因名称重复被重命名为 peopleBox1 
14:09:58.887 INFO  开始处理模块: peopleBox1 
14:09:58.887 DEBUG 使用缓存返回模板: ./src/module/peopleBox.owo 
14:09:58.887 DEBUG 模块 peopleBox 因名称重复被重命名为 peopleBox1 
14:09:58.887 INFO  开始处理模块: peopleBox1 
14:09:58.887 DEBUG 使用缓存返回模板: ./src/module/peopleBox.owo 
14:09:58.888 DEBUG 模块 peopleBox2 因名称重复被重命名为 peopleBox21 
14:09:58.888 INFO  开始处理模块: peopleBox21 
14:09:58.888 DEBUG 使用缓存返回模板: ./src/module/peopleBox2.owo 
14:09:58.889 DEBUG 模块 peopleBox2 因名称重复被重命名为 peopleBox21 
14:09:58.889 INFO  开始处理模块: peopleBox21 
14:09:58.889 DEBUG 使用缓存返回模板: ./src/module/peopleBox2.owo 
14:09:58.890 DEBUG 模块 peopleBox2 因名称重复被重命名为 peopleBox21 
14:09:58.890 INFO  开始处理模块: peopleBox21 
14:09:58.890 DEBUG 使用缓存返回模板: ./src/module/peopleBox2.owo 
14:09:58.891 DEBUG 模块 titleBar 因名称重复被重命名为 titleBar1 
14:09:58.891 DEBUG 模块 titleBar1 因名称重复被重命名为 titleBar2 
14:09:58.891 INFO  开始处理模块: titleBar2 
14:09:58.891 DEBUG 处理模板: ./src/module/titleBar.owo 
14:09:58.894 DEBUG 缓存模板: titleBar2./src/module/titleBar.owo 
14:09:58.894 DEBUG 模板titleBar2处理用时: 3 毫秒! 
14:09:58.896 INFO  开始处理模块: titleBar3 
14:09:58.896 DEBUG 处理模板: ./src/module/titleBar3.owo 
14:09:58.899 DEBUG 缓存模板: titleBar3./src/module/titleBar3.owo 
14:09:58.899 DEBUG 模板titleBar3处理用时: 3 毫秒! 
14:09:58.899 INFO  开始处理模块: card 
14:09:58.900 DEBUG 处理模板: ./src/module/card.owo 
14:09:58.900 INFO  模块: card 不包含script 
14:09:58.905 DEBUG 缓存模板: card./src/module/card.owo 
14:09:58.905 DEBUG 模板card处理用时: 5 毫秒! 
14:09:58.906 INFO  开始处理模块: card 
14:09:58.906 DEBUG 使用缓存返回模板: ./src/module/card.owo 
14:09:58.907 INFO  开始处理模块: card 
14:09:58.907 DEBUG 使用缓存返回模板: ./src/module/card.owo 
14:09:58.908 INFO  开始处理模块: card 
14:09:58.908 DEBUG 使用缓存返回模板: ./src/module/card.owo 
14:09:58.909 INFO  开始处理模块: card 
14:09:58.909 DEBUG 使用缓存返回模板: ./src/module/card.owo 
14:09:58.910 INFO  开始处理模块: titleBar4 
14:09:58.910 DEBUG 处理模板: ./src/module/titleBar4.owo 
14:09:58.913 DEBUG 缓存模板: titleBar4./src/module/titleBar4.owo 
14:09:58.913 DEBUG 模板titleBar4处理用时: 3 毫秒! 
14:09:58.915 INFO  开始处理模块: titleBar5 
14:09:58.915 DEBUG 处理模板: ./src/module/titleBar5.owo 
14:09:58.918 DEBUG 缓存模板: titleBar5./src/module/titleBar5.owo 
14:09:58.918 DEBUG 模板titleBar5处理用时: 3 毫秒! 
14:09:58.922 DEBUG 模块 titleBar3 因名称重复被重命名为 titleBar31 
14:09:58.922 INFO  开始处理模块: titleBar31 
14:09:58.922 DEBUG 处理模板: ./src/module/titleBar3.owo 
14:09:58.925 DEBUG 缓存模板: titleBar31./src/module/titleBar3.owo 
14:09:58.925 DEBUG 模板titleBar31处理用时: 3 毫秒! 
14:09:58.926 DEBUG 模块 titleBar4 因名称重复被重命名为 titleBar41 
14:09:58.926 INFO  开始处理模块: titleBar41 
14:09:58.926 DEBUG 处理模板: ./src/module/titleBar4.owo 
14:09:58.929 DEBUG 缓存模板: titleBar41./src/module/titleBar4.owo 
14:09:58.929 DEBUG 模板titleBar41处理用时: 3 毫秒! 
14:09:58.930 DEBUG 模块 titleBar4 因名称重复被重命名为 titleBar41 
14:09:58.930 DEBUG 模块 titleBar41 因名称重复被重命名为 titleBar42 
14:09:58.930 INFO  开始处理模块: titleBar42 
14:09:58.930 DEBUG 处理模板: ./src/module/titleBar4.owo 
14:09:58.933 DEBUG 缓存模板: titleBar42./src/module/titleBar4.owo 
14:09:58.933 DEBUG 模板titleBar42处理用时: 3 毫秒! 
14:09:58.934 INFO  开始处理模块: copyright 
14:09:58.934 DEBUG 处理模板: https://owo.ink/public/1f8067d72f3f1e9f2a8a579f88ac9cc6.page 
14:09:58.934 DEBUG 使用文件缓存:D:\work\whcygflt\owo_modules\32ea0f2501c5422de0f9c60a4c78fb93.owo 
14:09:58.934 INFO  模块: copyright 不包含script 
14:09:58.936 DEBUG 缓存模板: copyrighthttps://owo.ink/public/1f8067d72f3f1e9f2a8a579f88ac9cc6.page 
14:09:58.936 DEBUG 模板copyright处理用时: 2 毫秒! 
14:09:58.937 INFO  开始处理模块: floatBar 
14:09:58.937 DEBUG 处理模板: ./src/module/floatBar.owo 
14:09:58.938 INFO  模块: floatBar 不包含script 
14:09:58.943 DEBUG 缓存模板: floatBar./src/module/floatBar.owo 
14:09:58.943 DEBUG 模板floatBar处理用时: 6 毫秒! 
14:09:59.000 DEBUG 缓存模板: home./src/page/home.page 
14:09:59.000 DEBUG 模板home处理用时: 284 毫秒! 
14:09:59.001 INFO  文件夹不存在: D:\work\whcygflt\dist\static\resource 
14:09:59.001 INFO  创建文件夹: D:\work\whcygflt\dist\static\resource 
14:09:59.001 DEBUG 忽略文件: D:\work\whcygflt\src\resource\title-bar.png 
14:09:59.001 DEBUG 忽略文件: D:\work\whcygflt\src\resource\title-bar.png 
14:09:59.002 DEBUG 忽略文件: D:\work\whcygflt\src\resource\title-bar-2.png 
14:09:59.002 DEBUG 忽略文件: D:\work\whcygflt\src\resource\title-bar-3.png 
14:09:59.002 DEBUG 忽略文件: D:\work\whcygflt\src\resource\title-bar-3.png 
14:09:59.002 INFO  读取文件: D:\work\whcygflt\src\resource\border.svg 
14:09:59.002 DEBUG 忽略文件: D:\work\whcygflt\src\resource\decorate-3.png 
14:09:59.002 DEBUG 忽略文件: D:\work\whcygflt\src\resource\decorate-2.png 
14:09:59.002 DEBUG 忽略文件: D:\work\whcygflt\src\resource\decorate-2.png 
14:09:59.002 DEBUG 忽略文件: D:\work\whcygflt\src\resource\decorate-4.png 
14:09:59.002 DEBUG 忽略文件: D:\work\whcygflt\src\resource\decorate-3.png 
14:09:59.002 DEBUG 忽略文件: D:\work\whcygflt\src\resource\decorate-3.png 
14:09:59.003 DEBUG 处理资源: D:\work\whcygflt\src\resource\title-bar.png,D:\work\whcygflt\src\resource\people-1.png,D:\work\whcygflt\src\resource\people-2.png,D:\work\whcygflt\src\resource\title-bar-2.png,D:\work\whcygflt\src\resource\title-bar-3.png,D:\work\whcygflt\src\resource\title-bar-4.png,D:\work\whcygflt\src\resource\bg.png,D:\work\whcygflt\src\resource\card-1.jpg,D:\work\whcygflt\src\resource\card-2.jpg,D:\work\whcygflt\src\resource\card-3.jpg,D:\work\whcygflt\src\resource\card-4.jpg,D:\work\whcygflt\src\resource\card-5.jpg,D:\work\whcygflt\src\resource\map.png,D:\work\whcygflt\src\resource\title-bar-5.png,D:\work\whcygflt\src\resource\decorate.png,D:\work\whcygflt\src\resource\decorate-2.png,D:\work\whcygflt\src\resource\decorate-3.png,D:\work\whcygflt\src\resource\decorate-4.png,D:\work\whcygflt\src\resource\close.png 
14:09:59.004 INFO  css中的资源处理完毕! 
14:09:59.004 DEBUG 使用postcss处理样式，使用了2个插件! 
14:09:59.025 INFO  正在处理script! 
14:09:59.026 INFO  工程中只有一个页面! 
14:09:59.028 DEBUG 页面中不包含切换动画! 
14:09:59.812 INFO  文件夹不存在: D:\work\whcygflt\dist\static\js 
14:09:59.813 INFO  创建文件夹: D:\work\whcygflt\dist\static\js 
14:09:59.827 INFO  js中的资源处理完毕! 
14:09:59.828 INFO  读取文件: C:\Users\PG\Documents\GitHub\PG\core\debug\autoReload.js 
14:09:59.828 DEBUG 处理引用脚本: [{"name":"jquery1.11.0","src":"http://tools.people.com.cn/libs/jquery/1.11.1/jquery-1.11.1.min.js"}] 
14:09:59.828 DEBUG 外部脚本数量: 1 
14:09:59.828 DEBUG 处理脚本: jquery1.11.0 
14:09:59.828 DEBUG 网络脚本: jquery1.11.0 
14:09:59.828 DEBUG 完成外部脚本引用处理! 
14:09:59.828 DEBUG 输出scriptData 
14:09:59.828 DEBUG 判断是否可以输出Html! 
14:09:59.828 DEBUG 还有没有经过处理的资源! 
14:09:59.828 INFO  监控文件夹变化: D:\work\whcygflt\src 
14:09:59.839 INFO  服务器运行在: 127.0.0.1:8000 
14:10:00.061 INFO  使用postcss处理完毕! 用时: 1057 毫秒 
14:10:00.061 DEBUG 需要经过特殊处理的css: [["[template=title] .title-bar:",".title-bar[template=title]:"],["[template=title] .title-bar ",".title-bar[template=title] "],["[template=title] .title-bar{",".title-bar[template=title]{"],["[template=title] div:","div[template=title]:"],["[template=title] div ","div[template=title] "],["[template=title] div{","div[template=title]{"],["[template=titleBar] .title-bar-cBppAj5b:",".title-bar-cBppAj5b[template=titleBar]:"],["[template=titleBar] .title-bar-cBppAj5b ",".title-bar-cBppAj5b[template=titleBar] "],["[template=titleBar] .title-bar-cBppAj5b{",".title-bar-cBppAj5b[template=titleBar]{"],["[template=titleBar] div:","div[template=titleBar]:"],["[template=titleBar] div ","div[template=titleBar] "],["[template=titleBar] div{","div[template=titleBar]{"],["[template=titleBar1] .title-bar-cBppAj5b:",".title-bar-cBppAj5b[template=titleBar1]:"],["[template=titleBar1] .title-bar-cBppAj5b ",".title-bar-cBppAj5b[template=titleBar1] "],["[template=titleBar1] .title-bar-cBppAj5b{",".title-bar-cBppAj5b[template=titleBar1]{"],["[template=titleBar1] div:","div[template=titleBar1]:"],["[template=titleBar1] div ","div[template=titleBar1] "],["[template=titleBar1] div{","div[template=titleBar1]{"],["[template=peopleBox] .title-bar-4FmNC16N:",".title-bar-4FmNC16N[template=peopleBox]:"],["[template=peopleBox] .title-bar-4FmNC16N ",".title-bar-4FmNC16N[template=peopleBox] "],["[template=peopleBox] .title-bar-4FmNC16N{",".title-bar-4FmNC16N[template=peopleBox]{"],["[template=peopleBox] div:","div[template=peopleBox]:"],["[template=peopleBox] div ","div[template=peopleBox] "],["[template=peopleBox] div{","div[template=peopleBox]{"],["[template=peopleBox2] .title-bar-4FmNC16N:",".title-bar-4FmNC16N[template=peopleBox2]:"],["[template=peopleBox2] .title-bar-4FmNC16N ",".title-bar-4FmNC16N[template=peopleBox2] "],["[template=peopleBox2] .title-bar-4FmNC16N{",".title-bar-4FmNC16N[template=peopleBox2]{"],["[template=peopleBox2] div:","div[template=peopleBox2]:"],["[template=peopleBox2] div ","div[template=peopleBox2] "],["[template=peopleBox2] div{","div[template=peopleBox2]{"],["[template=titleBar2] .title-bar-cBppAj5b:",".title-bar-cBppAj5b[template=titleBar2]:"],["[template=titleBar2] .title-bar-cBppAj5b ",".title-bar-cBppAj5b[template=titleBar2] "],["[template=titleBar2] .title-bar-cBppAj5b{",".title-bar-cBppAj5b[template=titleBar2]{"],["[template=titleBar2] div:","div[template=titleBar2]:"],["[template=titleBar2] div ","div[template=titleBar2] "],["[template=titleBar2] div{","div[template=titleBar2]{"],["[template=titleBar3] .title-bar-99LEtSoD:",".title-bar-99LEtSoD[template=titleBar3]:"],["[template=titleBar3] .title-bar-99LEtSoD ",".title-bar-99LEtSoD[template=titleBar3] "],["[template=titleBar3] .title-bar-99LEtSoD{",".title-bar-99LEtSoD[template=titleBar3]{"],["[template=titleBar3] div:","div[template=titleBar3]:"],["[template=titleBar3] div ","div[template=titleBar3] "],["[template=titleBar3] div{","div[template=titleBar3]{"],["[template=card] .card-M8pVsqaY:",".card-M8pVsqaY[template=card]:"],["[template=card] .card-M8pVsqaY ",".card-M8pVsqaY[template=card] "],["[template=card] .card-M8pVsqaY{",".card-M8pVsqaY[template=card]{"],["[template=card] div:","div[template=card]:"],["[template=card] div ","div[template=card] "],["[template=card] div{","div[template=card]{"],["[template=titleBar4] .title-bar-wEGOKRO7:",".title-bar-wEGOKRO7[template=titleBar4]:"],["[template=titleBar4] .title-bar-wEGOKRO7 ",".title-bar-wEGOKRO7[template=titleBar4] "],["[template=titleBar4] .title-bar-wEGOKRO7{",".title-bar-wEGOKRO7[template=titleBar4]{"],["[template=titleBar4] div:","div[template=titleBar4]:"],["[template=titleBar4] div ","div[template=titleBar4] "],["[template=titleBar4] div{","div[template=titleBar4]{"],["[template=titleBar5] .title-bar-cyQFq5wK:",".title-bar-cyQFq5wK[template=titleBar5]:"],["[template=titleBar5] .title-bar-cyQFq5wK ",".title-bar-cyQFq5wK[template=titleBar5] "],["[template=titleBar5] .title-bar-cyQFq5wK{",".title-bar-cyQFq5wK[template=titleBar5]{"],["[template=titleBar5] div:","div[template=titleBar5]:"],["[template=titleBar5] div ","div[template=titleBar5] "],["[template=titleBar5] div{","div[template=titleBar5]{"],["[template=titleBar31] .title-bar-99LEtSoD:",".title-bar-99LEtSoD[template=titleBar31]:"],["[template=titleBar31] .title-bar-99LEtSoD ",".title-bar-99LEtSoD[template=titleBar31] "],["[template=titleBar31] .title-bar-99LEtSoD{",".title-bar-99LEtSoD[template=titleBar31]{"],["[template=titleBar31] div:","div[template=titleBar31]:"],["[template=titleBar31] div ","div[template=titleBar31] "],["[template=titleBar31] div{","div[template=titleBar31]{"],["[template=titleBar41] .title-bar-wEGOKRO7:",".title-bar-wEGOKRO7[template=titleBar41]:"],["[template=titleBar41] .title-bar-wEGOKRO7 ",".title-bar-wEGOKRO7[template=titleBar41] "],["[template=titleBar41] .title-bar-wEGOKRO7{",".title-bar-wEGOKRO7[template=titleBar41]{"],["[template=titleBar41] div:","div[template=titleBar41]:"],["[template=titleBar41] div ","div[template=titleBar41] "],["[template=titleBar41] div{","div[template=titleBar41]{"],["[template=titleBar42] .title-bar-wEGOKRO7:",".title-bar-wEGOKRO7[template=titleBar42]:"],["[template=titleBar42] .title-bar-wEGOKRO7 ",".title-bar-wEGOKRO7[template=titleBar42] "],["[template=titleBar42] .title-bar-wEGOKRO7{",".title-bar-wEGOKRO7[template=titleBar42]{"],["[template=titleBar42] div:","div[template=titleBar42]:"],["[template=titleBar42] div ","div[template=titleBar42] "],["[template=titleBar42] div{","div[template=titleBar42]{"],["[template=copyright] .copyright-box:",".copyright-box[template=copyright]:"],["[template=copyright] .copyright-box ",".copyright-box[template=copyright] "],["[template=copyright] .copyright-box{",".copyright-box[template=copyright]{"],["[template=copyright] footer:","footer[template=copyright]:"],["[template=copyright] footer ","footer[template=copyright] "],["[template=copyright] footer{","footer[template=copyright]{"],["[template=floatBar] .float-bar:",".float-bar[template=floatBar]:"],["[template=floatBar] .float-bar ",".float-bar[template=floatBar] "],["[template=floatBar] .float-bar{",".float-bar[template=floatBar]{"],["[template=floatBar] div:","div[template=floatBar]:"],["[template=floatBar] div ","div[template=floatBar] "],["[template=floatBar] div{","div[template=floatBar]{"]] 
14:10:00.062 INFO  文件夹不存在: D:\work\whcygflt\dist\static\css 
14:10:00.063 INFO  创建文件夹: D:\work\whcygflt\dist\static\css 
14:10:00.063 INFO  开始处理附属css中的资源 
14:10:00.063 INFO  附属css中的资源处理完毕! 
14:10:00.063 DEBUG 判断是否可以输出Html! 
14:10:00.063 DEBUG 准备输出html! 
14:10:00.063 DEBUG 忽略文件: D:\work\whcygflt\src\resource\people.jpg 
14:10:00.063 DEBUG 忽略文件: D:\work\whcygflt\src\resource\people.jpg 
14:10:00.063 DEBUG 忽略文件: D:\work\whcygflt\src\resource\people.jpg 
14:10:00.063 DEBUG 忽略文件: D:\work\whcygflt\src\resource\people.jpg 
14:10:00.063 DEBUG 忽略文件: D:\work\whcygflt\src\resource\people.jpg 
14:10:00.063 DEBUG 忽略文件: D:\work\whcygflt\src\resource\people.jpg 
14:10:00.063 DEBUG 忽略文件: D:\work\whcygflt\src\resource\people.jpg 
14:10:00.063 DEBUG 忽略文件: D:\work\whcygflt\src\resource\people.jpg 
14:10:00.063 DEBUG 忽略文件: D:\work\whcygflt\src\resource\people.jpg 
14:10:00.063 DEBUG 忽略文件: D:\work\whcygflt\src\resource\people.jpg 
14:10:00.063 DEBUG 忽略文件: D:\work\whcygflt\src\resource\people.jpg 
14:10:00.063 DEBUG 忽略文件: D:\work\whcygflt\src\resource\logo.png 
14:10:00.063 DEBUG 处理资源: D:\work\whcygflt\src\resource\logo.png,D:\work\whcygflt\src\resource\people.jpg,D:\work\whcygflt\src\resource\image1.jpg,D:\work\whcygflt\src\resource\image2.jpg 
14:10:00.063 DEBUG 开始美化html 
14:10:00.088 INFO  发送重新页面需要刷新命令! 
14:10:00.128 INFO  写入文件: D:\work\whcygflt\dist\static\css\owo.main.css 
14:10:00.128 INFO  读取成功: D:\work\whcygflt\src\resource\border.svg 
14:10:00.129 INFO  读取成功: C:\Users\PG\Documents\GitHub\PG\core\debug\autoReload.js 
14:10:00.130 INFO  读取成功: D:\work\whcygflt\src\main.css 
14:10:00.154 INFO  写入文件: D:\work\whcygflt\dist\static\resource\border.svg 
14:10:00.160 INFO  写入文件: D:\work\whcygflt\dist\static\css\main.css 
14:10:00.160 INFO  写入文件: D:\work\whcygflt\dist\static\js\autoReload.js 
14:10:00.270 DEBUG 文件处理成功: 
14:10:00.270 DEBUG D:\work\whcygflt\dist\static\resource\logo.png 
14:10:00.270 DEBUG D:\work\whcygflt\dist\static\resource\people.jpg 
14:10:00.270 DEBUG D:\work\whcygflt\dist\static\resource\image1.jpg 
14:10:00.270 DEBUG D:\work\whcygflt\dist\static\resource\image2.jpg 
14:10:00.712 DEBUG 文件处理成功: 
14:10:00.712 DEBUG D:\work\whcygflt\dist\static\resource\title-bar.png 
14:10:00.712 DEBUG D:\work\whcygflt\dist\static\resource\people-1.png 
14:10:00.712 DEBUG D:\work\whcygflt\dist\static\resource\people-2.png 
14:10:00.712 DEBUG D:\work\whcygflt\dist\static\resource\title-bar-2.png 
14:10:00.712 DEBUG D:\work\whcygflt\dist\static\resource\title-bar-3.png 
14:10:00.712 DEBUG D:\work\whcygflt\dist\static\resource\title-bar-4.png 
14:10:00.712 DEBUG D:\work\whcygflt\dist\static\resource\bg.png 
14:10:00.712 DEBUG D:\work\whcygflt\dist\static\resource\card-1.jpg 
14:10:00.712 DEBUG D:\work\whcygflt\dist\static\resource\card-2.jpg 
14:10:00.712 DEBUG D:\work\whcygflt\dist\static\resource\card-3.jpg 
14:10:00.712 DEBUG D:\work\whcygflt\dist\static\resource\card-4.jpg 
14:10:00.712 DEBUG D:\work\whcygflt\dist\static\resource\card-5.jpg 
14:10:00.712 DEBUG D:\work\whcygflt\dist\static\resource\map.png 
14:10:00.712 DEBUG D:\work\whcygflt\dist\static\resource\title-bar-5.png 
14:10:00.712 DEBUG D:\work\whcygflt\dist\static\resource\decorate.png 
14:10:00.712 DEBUG D:\work\whcygflt\dist\static\resource\decorate-2.png 
14:10:00.712 DEBUG D:\work\whcygflt\dist\static\resource\decorate-3.png 
14:10:00.712 DEBUG D:\work\whcygflt\dist\static\resource\decorate-4.png 
14:10:00.712 DEBUG D:\work\whcygflt\dist\static\resource\close.png 
